2017-07-28 13:06:58.176  INFO 16718 --- [main] c.e.demo.SpringbootDemoApplicationTests  : Starting SpringbootDemoApplicationTests on localhost with PID 16718 (started by louyuting in /Users/louyuting/Desktop/java/javamaven/springboot-demo)
2017-07-28 13:06:58.178  INFO 16718 --- [main] c.e.demo.SpringbootDemoApplicationTests  : No active profile set, falling back to default profiles: default
2017-07-28 13:06:58.236  INFO 16718 --- [main] o.s.w.c.s.GenericWebApplicationContext   : Refreshing org.springframework.web.context.support.GenericWebApplicationContext@942a29c: startup date [Fri Jul 28 13:06:58 CST 2017]; root of context hierarchy
2017-07-28 13:06:59.579  WARN 16718 --- [main] o.m.s.mapper.ClassPathMapperScanner      : No MyBatis mapper was found in '[com.example.demo]' package. Please check your configuration.
2017-07-28 13:06:59.639  INFO 16718 --- [main] .s.d.r.c.RepositoryConfigurationDelegate : Multiple Spring Data modules found, entering strict repository configuration mode!
2017-07-28 13:06:59.679  INFO 16718 --- [main] .s.d.r.c.RepositoryConfigurationDelegate : Multiple Spring Data modules found, entering strict repository configuration mode!
2017-07-28 13:06:59.733  INFO 16718 --- [main] o.s.b.f.s.DefaultListableBeanFactory     : Overriding bean definition for bean 'httpRequestHandlerAdapter' with a different definition: replacing [Root bean: class [null]; scope=; abstract=false; lazyInit=false; autowireMode=3; dependencyCheck=0; autowireCandidate=true; primary=false; factoryBeanName=org.springframework.boot.autoconfigure.web.WebMvcAutoConfiguration$EnableWebMvcConfiguration; factoryMethodName=httpRequestHandlerAdapter; initMethodName=null; destroyMethodName=(inferred); defined in class path resource [org/springframework/boot/autoconfigure/web/WebMvcAutoConfiguration$EnableWebMvcConfiguration.class]] with [Root bean: class [null]; scope=; abstract=false; lazyInit=false; autowireMode=3; dependencyCheck=0; autowireCandidate=true; primary=false; factoryBeanName=org.springframework.data.rest.webmvc.config.RepositoryRestMvcConfiguration; factoryMethodName=httpRequestHandlerAdapter; initMethodName=null; destroyMethodName=(inferred); defined in class path resource [org/springframework/data/rest/webmvc/config/RepositoryRestMvcConfiguration.class]]
2017-07-28 13:07:00.828  INFO 16718 --- [main] trationDelegate$BeanPostProcessorChecker : Bean 'org.springframework.kafka.annotation.KafkaBootstrapConfiguration' of type [org.springframework.kafka.annotation.KafkaBootstrapConfiguration$$EnhancerBySpringCGLIB$$dc7108aa] is not eligible for getting processed by all BeanPostProcessors (for example: not eligible for auto-proxying)
2017-07-28 13:07:00.952  INFO 16718 --- [main] trationDelegate$BeanPostProcessorChecker : Bean 'org.springframework.transaction.annotation.ProxyTransactionManagementConfiguration' of type [org.springframework.transaction.annotation.ProxyTransactionManagementConfiguration$$EnhancerBySpringCGLIB$$8bef727] is not eligible for getting processed by all BeanPostProcessors (for example: not eligible for auto-proxying)
2017-07-28 13:07:02.514  INFO 16718 --- [main] s.w.s.m.m.a.RequestMappingHandlerAdapter : Looking for @ControllerAdvice: org.springframework.web.context.support.GenericWebApplicationContext@942a29c: startup date [Fri Jul 28 13:06:58 CST 2017]; root of context hierarchy
2017-07-28 13:07:02.695  INFO 16718 --- [main] s.w.s.m.m.a.RequestMappingHandlerMapping : Mapped "{[/test],methods=[GET]}" onto public com.example.demo.model.User com.example.demo.SpringbootDemoApplication.hello(javax.servlet.http.HttpServletRequest,javax.servlet.http.HttpServletResponse) throws java.lang.InterruptedException
2017-07-28 13:07:02.700  INFO 16718 --- [main] s.w.s.m.m.a.RequestMappingHandlerMapping : Mapped "{[/error]}" onto public org.springframework.http.ResponseEntity<java.util.Map<java.lang.String, java.lang.Object>> org.springframework.boot.autoconfigure.web.BasicErrorController.error(javax.servlet.http.HttpServletRequest)
2017-07-28 13:07:02.701  INFO 16718 --- [main] s.w.s.m.m.a.RequestMappingHandlerMapping : Mapped "{[/error],produces=[text/html]}" onto public org.springframework.web.servlet.ModelAndView org.springframework.boot.autoconfigure.web.BasicErrorController.errorHtml(javax.servlet.http.HttpServletRequest,javax.servlet.http.HttpServletResponse)
2017-07-28 13:07:02.797  INFO 16718 --- [main] o.s.w.s.handler.SimpleUrlHandlerMapping  : Mapped URL path [/webjars/**] onto handler of type [class org.springframework.web.servlet.resource.ResourceHttpRequestHandler]
2017-07-28 13:07:02.798  INFO 16718 --- [main] o.s.w.s.handler.SimpleUrlHandlerMapping  : Mapped URL path [/**] onto handler of type [class org.springframework.web.servlet.resource.ResourceHttpRequestHandler]
2017-07-28 13:07:02.843  INFO 16718 --- [main] .m.m.a.ExceptionHandlerExceptionResolver : Detected @ExceptionHandler methods in repositoryRestExceptionHandler
2017-07-28 13:07:03.067  INFO 16718 --- [main] o.s.w.s.handler.SimpleUrlHandlerMapping  : Mapped URL path [/**/favicon.ico] onto handler of type [class org.springframework.web.servlet.resource.ResourceHttpRequestHandler]
2017-07-28 13:07:04.610  INFO 16718 --- [main] org.elasticsearch.node                   : [Mercury] version[2.4.5], pid[16718], build[c849dd1/2017-04-24T16:18:17Z]
2017-07-28 13:07:04.611  INFO 16718 --- [main] org.elasticsearch.node                   : [Mercury] initializing ...
2017-07-28 13:07:04.619  INFO 16718 --- [main] org.elasticsearch.plugins                : [Mercury] modules [], plugins [], sites []
2017-07-28 13:07:04.686  INFO 16718 --- [main] org.elasticsearch.env                    : [Mercury] using [1] data paths, mounts [[/ (/dev/disk1)]], net usable_space [57.3gb], net total_space [232.6gb], spins? [unknown], types [hfs]
2017-07-28 13:07:04.686  INFO 16718 --- [main] org.elasticsearch.env                    : [Mercury] heap size [1.7gb], compressed ordinary object pointers [true]
2017-07-28 13:07:04.690  WARN 16718 --- [main] org.elasticsearch.env                    : [Mercury] max file descriptors [10240] for elasticsearch process likely too low, consider increasing to at least [65536]
2017-07-28 13:07:06.210  WARN 16718 --- [main] org.elasticsearch.bootstrap              : JNA not found. native methods will be disabled.

java.lang.ClassNotFoundException: com.sun.jna.Native
	at java.net.URLClassLoader.findClass(URLClassLoader.java:381) ~[na:1.8.0_40]
	at java.lang.ClassLoader.loadClass(ClassLoader.java:424) ~[na:1.8.0_40]
	at sun.misc.Launcher$AppClassLoader.loadClass(Launcher.java:331) ~[na:1.8.0_40]
	at java.lang.ClassLoader.loadClass(ClassLoader.java:357) ~[na:1.8.0_40]
	at java.lang.Class.forName0(Native Method) ~[na:1.8.0_40]
	at java.lang.Class.forName(Class.java:264) ~[na:1.8.0_40]
	at org.elasticsearch.bootstrap.Natives.<clinit>(Natives.java:45) ~[elasticsearch-2.4.5.jar:2.4.5]
	at org.elasticsearch.bootstrap.BootstrapInfo.isMemoryLocked(BootstrapInfo.java:44) [elasticsearch-2.4.5.jar:2.4.5]
	at org.elasticsearch.monitor.process.ProcessProbe.processInfo(ProcessProbe.java:130) [elasticsearch-2.4.5.jar:2.4.5]
	at org.elasticsearch.monitor.process.ProcessService.<init>(ProcessService.java:44) [elasticsearch-2.4.5.jar:2.4.5]
	at sun.reflect.NativeConstructorAccessorImpl.newInstance0(Native Method) [na:1.8.0_40]
	at sun.reflect.NativeConstructorAccessorImpl.newInstance(NativeConstructorAccessorImpl.java:62) [na:1.8.0_40]
	at sun.reflect.DelegatingConstructorAccessorImpl.newInstance(DelegatingConstructorAccessorImpl.java:45) [na:1.8.0_40]
	at java.lang.reflect.Constructor.newInstance(Constructor.java:422) [na:1.8.0_40]
	at org.elasticsearch.common.inject.DefaultConstructionProxyFactory$1.newInstance(DefaultConstructionProxyFactory.java:50) [elasticsearch-2.4.5.jar:2.4.5]
	at org.elasticsearch.common.inject.ConstructorInjector.construct(ConstructorInjector.java:86) [elasticsearch-2.4.5.jar:2.4.5]
	at org.elasticsearch.common.inject.ConstructorBindingImpl$Factory.get(ConstructorBindingImpl.java:104) [elasticsearch-2.4.5.jar:2.4.5]
	at org.elasticsearch.common.inject.ProviderToInternalFactoryAdapter$1.call(ProviderToInternalFactoryAdapter.java:47) [elasticsearch-2.4.5.jar:2.4.5]
	at org.elasticsearch.common.inject.InjectorImpl.callInContext(InjectorImpl.java:886) [elasticsearch-2.4.5.jar:2.4.5]
	at org.elasticsearch.common.inject.ProviderToInternalFactoryAdapter.get(ProviderToInternalFactoryAdapter.java:43) [elasticsearch-2.4.5.jar:2.4.5]
	at org.elasticsearch.common.inject.Scopes$1$1.get(Scopes.java:59) [elasticsearch-2.4.5.jar:2.4.5]
	at org.elasticsearch.common.inject.InternalFactoryToProviderAdapter.get(InternalFactoryToProviderAdapter.java:46) [elasticsearch-2.4.5.jar:2.4.5]
	at org.elasticsearch.common.inject.SingleParameterInjector.inject(SingleParameterInjector.java:42) [elasticsearch-2.4.5.jar:2.4.5]
	at org.elasticsearch.common.inject.SingleParameterInjector.getAll(SingleParameterInjector.java:66) [elasticsearch-2.4.5.jar:2.4.5]
	at org.elasticsearch.common.inject.ConstructorInjector.construct(ConstructorInjector.java:85) [elasticsearch-2.4.5.jar:2.4.5]
	at org.elasticsearch.common.inject.ConstructorBindingImpl$Factory.get(ConstructorBindingImpl.java:104) [elasticsearch-2.4.5.jar:2.4.5]
	at org.elasticsearch.common.inject.SingleParameterInjector.inject(SingleParameterInjector.java:42) [elasticsearch-2.4.5.jar:2.4.5]
	at org.elasticsearch.common.inject.SingleParameterInjector.getAll(SingleParameterInjector.java:66) [elasticsearch-2.4.5.jar:2.4.5]
	at org.elasticsearch.common.inject.ConstructorInjector.construct(ConstructorInjector.java:85) [elasticsearch-2.4.5.jar:2.4.5]
	at org.elasticsearch.common.inject.ConstructorBindingImpl$Factory.get(ConstructorBindingImpl.java:104) [elasticsearch-2.4.5.jar:2.4.5]
	at org.elasticsearch.common.inject.ProviderToInternalFactoryAdapter$1.call(ProviderToInternalFactoryAdapter.java:47) [elasticsearch-2.4.5.jar:2.4.5]
	at org.elasticsearch.common.inject.InjectorImpl.callInContext(InjectorImpl.java:886) [elasticsearch-2.4.5.jar:2.4.5]
	at org.elasticsearch.common.inject.ProviderToInternalFactoryAdapter.get(ProviderToInternalFactoryAdapter.java:43) [elasticsearch-2.4.5.jar:2.4.5]
	at org.elasticsearch.common.inject.Scopes$1$1.get(Scopes.java:59) [elasticsearch-2.4.5.jar:2.4.5]
	at org.elasticsearch.common.inject.InternalFactoryToProviderAdapter.get(InternalFactoryToProviderAdapter.java:46) [elasticsearch-2.4.5.jar:2.4.5]
	at org.elasticsearch.common.inject.InjectorBuilder$1.call(InjectorBuilder.java:201) [elasticsearch-2.4.5.jar:2.4.5]
	at org.elasticsearch.common.inject.InjectorBuilder$1.call(InjectorBuilder.java:193) [elasticsearch-2.4.5.jar:2.4.5]
	at org.elasticsearch.common.inject.InjectorImpl.callInContext(InjectorImpl.java:879) [elasticsearch-2.4.5.jar:2.4.5]
	at org.elasticsearch.common.inject.InjectorBuilder.loadEagerSingletons(InjectorBuilder.java:193) [elasticsearch-2.4.5.jar:2.4.5]
	at org.elasticsearch.common.inject.InjectorBuilder.injectDynamically(InjectorBuilder.java:175) [elasticsearch-2.4.5.jar:2.4.5]
	at org.elasticsearch.common.inject.InjectorBuilder.build(InjectorBuilder.java:110) [elasticsearch-2.4.5.jar:2.4.5]
	at org.elasticsearch.common.inject.Guice.createInjector(Guice.java:93) [elasticsearch-2.4.5.jar:2.4.5]
	at org.elasticsearch.common.inject.Guice.createInjector(Guice.java:70) [elasticsearch-2.4.5.jar:2.4.5]
	at org.elasticsearch.common.inject.ModulesBuilder.createInjector(ModulesBuilder.java:46) [elasticsearch-2.4.5.jar:2.4.5]
	at org.elasticsearch.node.Node.<init>(Node.java:213) [elasticsearch-2.4.5.jar:2.4.5]
	at org.elasticsearch.node.Node.<init>(Node.java:140) [elasticsearch-2.4.5.jar:2.4.5]
	at org.elasticsearch.node.NodeBuilder.build(NodeBuilder.java:143) [elasticsearch-2.4.5.jar:2.4.5]
	at org.elasticsearch.node.NodeBuilder.node(NodeBuilder.java:150) [elasticsearch-2.4.5.jar:2.4.5]
	at org.springframework.boot.autoconfigure.data.elasticsearch.ElasticsearchAutoConfiguration.createNodeClient(ElasticsearchAutoConfiguration.java:107) [spring-boot-autoconfigure-1.5.6.RELEASE.jar:1.5.6.RELEASE]
	at org.springframework.boot.autoconfigure.data.elasticsearch.ElasticsearchAutoConfiguration.createClient(ElasticsearchAutoConfiguration.java:95) [spring-boot-autoconfigure-1.5.6.RELEASE.jar:1.5.6.RELEASE]
	at org.springframework.boot.autoconfigure.data.elasticsearch.ElasticsearchAutoConfiguration.elasticsearchClient(ElasticsearchAutoConfiguration.java:84) [spring-boot-autoconfigure-1.5.6.RELEASE.jar:1.5.6.RELEASE]
	at org.springframework.boot.autoconfigure.data.elasticsearch.ElasticsearchAutoConfiguration$$EnhancerBySpringCGLIB$$d3a8185f.CGLIB$elasticsearchClient$1(<generated>) [spring-boot-autoconfigure-1.5.6.RELEASE.jar:1.5.6.RELEASE]
	at org.springframework.boot.autoconfigure.data.elasticsearch.ElasticsearchAutoConfiguration$$EnhancerBySpringCGLIB$$d3a8185f$$FastClassBySpringCGLIB$$eee60ce4.invoke(<generated>) [spring-boot-autoconfigure-1.5.6.RELEASE.jar:1.5.6.RELEASE]
	at org.springframework.cglib.proxy.MethodProxy.invokeSuper(MethodProxy.java:228) [spring-core-4.3.10.RELEASE.jar:4.3.10.RELEASE]
	at org.springframework.context.annotation.ConfigurationClassEnhancer$BeanMethodInterceptor.intercept(ConfigurationClassEnhancer.java:358) [spring-context-4.3.10.RELEASE.jar:4.3.10.RELEASE]
	at org.springframework.boot.autoconfigure.data.elasticsearch.ElasticsearchAutoConfiguration$$EnhancerBySpringCGLIB$$d3a8185f.elasticsearchClient(<generated>) [spring-boot-autoconfigure-1.5.6.RELEASE.jar:1.5.6.RELEASE]
	at sun.reflect.NativeMethodAccessorImpl.invoke0(Native Method) ~[na:1.8.0_40]
	at sun.reflect.NativeMethodAccessorImpl.invoke(NativeMethodAccessorImpl.java:62) ~[na:1.8.0_40]
	at sun.reflect.DelegatingMethodAccessorImpl.invoke(DelegatingMethodAccessorImpl.java:43) ~[na:1.8.0_40]
	at java.lang.reflect.Method.invoke(Method.java:497) ~[na:1.8.0_40]
	at org.springframework.beans.factory.support.SimpleInstantiationStrategy.instantiate(SimpleInstantiationStrategy.java:162) [spring-beans-4.3.10.RELEASE.jar:4.3.10.RELEASE]
	at org.springframework.beans.factory.support.ConstructorResolver.instantiateUsingFactoryMethod(ConstructorResolver.java:588) [spring-beans-4.3.10.RELEASE.jar:4.3.10.RELEASE]
	at org.springframework.beans.factory.support.AbstractAutowireCapableBeanFactory.instantiateUsingFactoryMethod(AbstractAutowireCapableBeanFactory.java:1173) [spring-beans-4.3.10.RELEASE.jar:4.3.10.RELEASE]
	at org.springframework.beans.factory.support.AbstractAutowireCapableBeanFactory.createBeanInstance(AbstractAutowireCapableBeanFactory.java:1067) [spring-beans-4.3.10.RELEASE.jar:4.3.10.RELEASE]
	at org.springframework.beans.factory.support.AbstractAutowireCapableBeanFactory.doCreateBean(AbstractAutowireCapableBeanFactory.java:513) [spring-beans-4.3.10.RELEASE.jar:4.3.10.RELEASE]
	at org.springframework.beans.factory.support.AbstractAutowireCapableBeanFactory.createBean(AbstractAutowireCapableBeanFactory.java:483) [spring-beans-4.3.10.RELEASE.jar:4.3.10.RELEASE]
	at org.springframework.beans.factory.support.AbstractBeanFactory$1.getObject(AbstractBeanFactory.java:306) [spring-beans-4.3.10.RELEASE.jar:4.3.10.RELEASE]
	at org.springframework.beans.factory.support.DefaultSingletonBeanRegistry.getSingleton(DefaultSingletonBeanRegistry.java:230) [spring-beans-4.3.10.RELEASE.jar:4.3.10.RELEASE]
	at org.springframework.beans.factory.support.AbstractBeanFactory.doGetBean(AbstractBeanFactory.java:302) [spring-beans-4.3.10.RELEASE.jar:4.3.10.RELEASE]
	at org.springframework.beans.factory.support.AbstractBeanFactory.getBean(AbstractBeanFactory.java:197) [spring-beans-4.3.10.RELEASE.jar:4.3.10.RELEASE]
	at org.springframework.beans.factory.support.DefaultListableBeanFactory.preInstantiateSingletons(DefaultListableBeanFactory.java:761) [spring-beans-4.3.10.RELEASE.jar:4.3.10.RELEASE]
	at org.springframework.context.support.AbstractApplicationContext.finishBeanFactoryInitialization(AbstractApplicationContext.java:867) [spring-context-4.3.10.RELEASE.jar:4.3.10.RELEASE]
	at org.springframework.context.support.AbstractApplicationContext.refresh(AbstractApplicationContext.java:543) [spring-context-4.3.10.RELEASE.jar:4.3.10.RELEASE]
	at org.springframework.boot.SpringApplication.refresh(SpringApplication.java:693) [spring-boot-1.5.6.RELEASE.jar:1.5.6.RELEASE]
	at org.springframework.boot.SpringApplication.refreshContext(SpringApplication.java:360) [spring-boot-1.5.6.RELEASE.jar:1.5.6.RELEASE]
	at org.springframework.boot.SpringApplication.run(SpringApplication.java:303) [spring-boot-1.5.6.RELEASE.jar:1.5.6.RELEASE]
	at org.springframework.boot.test.context.SpringBootContextLoader.loadContext(SpringBootContextLoader.java:120) [spring-boot-test-1.5.6.RELEASE.jar:1.5.6.RELEASE]
	at org.springframework.test.context.cache.DefaultCacheAwareContextLoaderDelegate.loadContextInternal(DefaultCacheAwareContextLoaderDelegate.java:98) [spring-test-4.3.10.RELEASE.jar:4.3.10.RELEASE]
	at org.springframework.test.context.cache.DefaultCacheAwareContextLoaderDelegate.loadContext(DefaultCacheAwareContextLoaderDelegate.java:116) [spring-test-4.3.10.RELEASE.jar:4.3.10.RELEASE]
	at org.springframework.test.context.support.DefaultTestContext.getApplicationContext(DefaultTestContext.java:83) [spring-test-4.3.10.RELEASE.jar:4.3.10.RELEASE]
	at org.springframework.test.context.web.ServletTestExecutionListener.setUpRequestContextIfNecessary(ServletTestExecutionListener.java:189) [spring-test-4.3.10.RELEASE.jar:4.3.10.RELEASE]
	at org.springframework.test.context.web.ServletTestExecutionListener.prepareTestInstance(ServletTestExecutionListener.java:131) [spring-test-4.3.10.RELEASE.jar:4.3.10.RELEASE]
	at org.springframework.test.context.TestContextManager.prepareTestInstance(TestContextManager.java:230) [spring-test-4.3.10.RELEASE.jar:4.3.10.RELEASE]
	at org.springframework.test.context.junit4.SpringJUnit4ClassRunner.createTest(SpringJUnit4ClassRunner.java:228) [spring-test-4.3.10.RELEASE.jar:4.3.10.RELEASE]
	at org.springframework.test.context.junit4.SpringJUnit4ClassRunner$1.runReflectiveCall(SpringJUnit4ClassRunner.java:287) [spring-test-4.3.10.RELEASE.jar:4.3.10.RELEASE]
	at org.junit.internal.runners.model.ReflectiveCallable.run(ReflectiveCallable.java:12) [junit-4.12.jar:4.12]
	at org.springframework.test.context.junit4.SpringJUnit4ClassRunner.methodBlock(SpringJUnit4ClassRunner.java:289) [spring-test-4.3.10.RELEASE.jar:4.3.10.RELEASE]
	at org.springframework.test.context.junit4.SpringJUnit4ClassRunner.runChild(SpringJUnit4ClassRunner.java:247) [spring-test-4.3.10.RELEASE.jar:4.3.10.RELEASE]
	at org.springframework.test.context.junit4.SpringJUnit4ClassRunner.runChild(SpringJUnit4ClassRunner.java:94) [spring-test-4.3.10.RELEASE.jar:4.3.10.RELEASE]
	at org.junit.runners.ParentRunner$3.run(ParentRunner.java:290) [junit-4.12.jar:4.12]
	at org.junit.runners.ParentRunner$1.schedule(ParentRunner.java:71) [junit-4.12.jar:4.12]
	at org.junit.runners.ParentRunner.runChildren(ParentRunner.java:288) [junit-4.12.jar:4.12]
	at org.junit.runners.ParentRunner.access$000(ParentRunner.java:58) [junit-4.12.jar:4.12]
	at org.junit.runners.ParentRunner$2.evaluate(ParentRunner.java:268) [junit-4.12.jar:4.12]
	at org.springframework.test.context.junit4.statements.RunBeforeTestClassCallbacks.evaluate(RunBeforeTestClassCallbacks.java:61) [spring-test-4.3.10.RELEASE.jar:4.3.10.RELEASE]
	at org.springframework.test.context.junit4.statements.RunAfterTestClassCallbacks.evaluate(RunAfterTestClassCallbacks.java:70) [spring-test-4.3.10.RELEASE.jar:4.3.10.RELEASE]
	at org.junit.runners.ParentRunner.run(ParentRunner.java:363) [junit-4.12.jar:4.12]
	at org.springframework.test.context.junit4.SpringJUnit4ClassRunner.run(SpringJUnit4ClassRunner.java:191) [spring-test-4.3.10.RELEASE.jar:4.3.10.RELEASE]
	at org.apache.maven.surefire.junit4.JUnit4Provider.execute(JUnit4Provider.java:283) [surefire-junit4-2.18.1.jar:2.18.1]
	at org.apache.maven.surefire.junit4.JUnit4Provider.executeWithRerun(JUnit4Provider.java:173) [surefire-junit4-2.18.1.jar:2.18.1]
	at org.apache.maven.surefire.junit4.JUnit4Provider.executeTestSet(JUnit4Provider.java:153) [surefire-junit4-2.18.1.jar:2.18.1]
	at org.apache.maven.surefire.junit4.JUnit4Provider.invoke(JUnit4Provider.java:128) [surefire-junit4-2.18.1.jar:2.18.1]
	at org.apache.maven.surefire.booter.ForkedBooter.invokeProviderInSameClassLoader(ForkedBooter.java:203) [surefire-booter-2.18.1.jar:2.18.1]
	at org.apache.maven.surefire.booter.ForkedBooter.runSuitesInProcess(ForkedBooter.java:155) [surefire-booter-2.18.1.jar:2.18.1]
	at org.apache.maven.surefire.booter.ForkedBooter.main(ForkedBooter.java:103) [surefire-booter-2.18.1.jar:2.18.1]

2017-07-28 13:07:07.124  INFO 16718 --- [main] org.elasticsearch.node                   : [Mercury] initialized
2017-07-28 13:07:07.124  INFO 16718 --- [main] org.elasticsearch.node                   : [Mercury] starting ...
2017-07-28 13:07:07.135  INFO 16718 --- [main] org.elasticsearch.transport              : [Mercury] publish_address {local[1]}, bound_addresses {local[1]}
2017-07-28 13:07:07.140  INFO 16718 --- [main] org.elasticsearch.discovery              : [Mercury] elasticsearch/safmZo6gSVOBapE4-RPYSg
2017-07-28 13:07:07.155  INFO 16718 --- [elasticsearch[Mercury][clusterService#updateTask][T#1]] org.elasticsearch.cluster.service        : [Mercury] new_master {Mercury}{safmZo6gSVOBapE4-RPYSg}{local}{local[1]}{local=true}, reason: local-disco-initial_connect(master)
2017-07-28 13:07:07.167  INFO 16718 --- [main] org.elasticsearch.node                   : [Mercury] started
2017-07-28 13:07:07.287  INFO 16718 --- [elasticsearch[Mercury][clusterService#updateTask][T#1]] org.elasticsearch.gateway                : [Mercury] recovered [0] indices into cluster_state
2017-07-28 13:07:07.621  INFO 16718 --- [main] o.s.d.r.w.RepositoryRestHandlerAdapter   : Looking for @ControllerAdvice: org.springframework.web.context.support.GenericWebApplicationContext@942a29c: startup date [Fri Jul 28 13:06:58 CST 2017]; root of context hierarchy
2017-07-28 13:07:07.696  INFO 16718 --- [main] o.s.d.r.w.RepositoryRestHandlerMapping   : Mapped "{[/{repository}/{id}/{property}],methods=[GET],produces=[application/hal+json || application/json]}" onto public org.springframework.http.ResponseEntity<org.springframework.hateoas.ResourceSupport> org.springframework.data.rest.webmvc.RepositoryPropertyReferenceController.followPropertyReference(org.springframework.data.rest.webmvc.RootResourceInformation,java.io.Serializable,java.lang.String,org.springframework.data.rest.webmvc.PersistentEntityResourceAssembler) throws java.lang.Exception
2017-07-28 13:07:07.699  INFO 16718 --- [main] o.s.d.r.w.RepositoryRestHandlerMapping   : Mapped "{[/{repository}/{id}/{property}/{propertyId}],methods=[GET],produces=[application/hal+json || application/json]}" onto public org.springframework.http.ResponseEntity<org.springframework.hateoas.ResourceSupport> org.springframework.data.rest.webmvc.RepositoryPropertyReferenceController.followPropertyReference(org.springframework.data.rest.webmvc.RootResourceInformation,java.io.Serializable,java.lang.String,java.lang.String,org.springframework.data.rest.webmvc.PersistentEntityResourceAssembler) throws java.lang.Exception
2017-07-28 13:07:07.701  INFO 16718 --- [main] o.s.d.r.w.RepositoryRestHandlerMapping   : Mapped "{[/{repository}/{id}/{property}],methods=[DELETE],produces=[application/hal+json || application/json]}" onto public org.springframework.http.ResponseEntity<? extends org.springframework.hateoas.ResourceSupport> org.springframework.data.rest.webmvc.RepositoryPropertyReferenceController.deletePropertyReference(org.springframework.data.rest.webmvc.RootResourceInformation,java.io.Serializable,java.lang.String) throws java.lang.Exception
2017-07-28 13:07:07.702  INFO 16718 --- [main] o.s.d.r.w.RepositoryRestHandlerMapping   : Mapped "{[/{repository}/{id}/{property}],methods=[GET],produces=[application/x-spring-data-compact+json || text/uri-list]}" onto public org.springframework.http.ResponseEntity<org.springframework.hateoas.ResourceSupport> org.springframework.data.rest.webmvc.RepositoryPropertyReferenceController.followPropertyReferenceCompact(org.springframework.data.rest.webmvc.RootResourceInformation,java.io.Serializable,java.lang.String,org.springframework.data.rest.webmvc.PersistentEntityResourceAssembler) throws java.lang.Exception
2017-07-28 13:07:07.704  INFO 16718 --- [main] o.s.d.r.w.RepositoryRestHandlerMapping   : Mapped "{[/{repository}/{id}/{property}],methods=[PATCH || PUT || POST],consumes=[application/json || application/x-spring-data-compact+json || text/uri-list],produces=[application/hal+json || application/json]}" onto public org.springframework.http.ResponseEntity<? extends org.springframework.hateoas.ResourceSupport> org.springframework.data.rest.webmvc.RepositoryPropertyReferenceController.createPropertyReference(org.springframework.data.rest.webmvc.RootResourceInformation,org.springframework.http.HttpMethod,org.springframework.hateoas.Resources<java.lang.Object>,java.io.Serializable,java.lang.String) throws java.lang.Exception
2017-07-28 13:07:07.728  INFO 16718 --- [main] o.s.d.r.w.RepositoryRestHandlerMapping   : Mapped "{[/{repository}/{id}/{property}/{propertyId}],methods=[DELETE],produces=[application/hal+json || application/json]}" onto public org.springframework.http.ResponseEntity<org.springframework.hateoas.ResourceSupport> org.springframework.data.rest.webmvc.RepositoryPropertyReferenceController.deletePropertyReferenceId(org.springframework.data.rest.webmvc.RootResourceInformation,java.io.Serializable,java.lang.String,java.lang.String) throws java.lang.Exception
2017-07-28 13:07:07.750  INFO 16718 --- [main] o.s.d.r.w.RepositoryRestHandlerMapping   : Mapped "{[/ || ],methods=[OPTIONS],produces=[application/hal+json || application/json]}" onto public org.springframework.http.HttpEntity<?> org.springframework.data.rest.webmvc.RepositoryController.optionsForRepositories()
2017-07-28 13:07:07.819  INFO 16718 --- [main] o.s.d.r.w.RepositoryRestHandlerMapping   : Mapped "{[/ || ],methods=[HEAD],produces=[application/hal+json || application/json]}" onto public org.springframework.http.ResponseEntity<?> org.springframework.data.rest.webmvc.RepositoryController.headForRepositories()
2017-07-28 13:07:07.821  INFO 16718 --- [main] o.s.d.r.w.RepositoryRestHandlerMapping   : Mapped "{[/ || ],methods=[GET],produces=[application/hal+json || application/json]}" onto public org.springframework.http.HttpEntity<org.springframework.data.rest.webmvc.RepositoryLinksResource> org.springframework.data.rest.webmvc.RepositoryController.listRepositories()
2017-07-28 13:07:07.873  INFO 16718 --- [main] o.s.d.r.w.RepositoryRestHandlerMapping   : Mapped "{[/{repository}],methods=[OPTIONS],produces=[application/hal+json || application/json]}" onto public org.springframework.http.ResponseEntity<?> org.springframework.data.rest.webmvc.RepositoryEntityController.optionsForCollectionResource(org.springframework.data.rest.webmvc.RootResourceInformation)
2017-07-28 13:07:07.887  INFO 16718 --- [main] o.s.d.r.w.RepositoryRestHandlerMapping   : Mapped "{[/{repository}],methods=[HEAD],produces=[application/hal+json || application/json]}" onto public org.springframework.http.ResponseEntity<?> org.springframework.data.rest.webmvc.RepositoryEntityController.headCollectionResource(org.springframework.data.rest.webmvc.RootResourceInformation,org.springframework.data.rest.webmvc.support.DefaultedPageable) throws org.springframework.web.HttpRequestMethodNotSupportedException
2017-07-28 13:07:07.889  INFO 16718 --- [main] o.s.d.r.w.RepositoryRestHandlerMapping   : Mapped "{[/{repository}],methods=[GET],produces=[application/hal+json || application/json]}" onto public org.springframework.hateoas.Resources<?> org.springframework.data.rest.webmvc.RepositoryEntityController.getCollectionResource(org.springframework.data.rest.webmvc.RootResourceInformation,org.springframework.data.rest.webmvc.support.DefaultedPageable,org.springframework.data.domain.Sort,org.springframework.data.rest.webmvc.PersistentEntityResourceAssembler) throws org.springframework.data.rest.webmvc.ResourceNotFoundException,org.springframework.web.HttpRequestMethodNotSupportedException
2017-07-28 13:07:07.893  INFO 16718 --- [main] o.s.d.r.w.RepositoryRestHandlerMapping   : Mapped "{[/{repository}],methods=[GET],produces=[application/x-spring-data-compact+json || text/uri-list]}" onto public org.springframework.hateoas.Resources<?> org.springframework.data.rest.webmvc.RepositoryEntityController.getCollectionResourceCompact(org.springframework.data.rest.webmvc.RootResourceInformation,org.springframework.data.rest.webmvc.support.DefaultedPageable,org.springframework.data.domain.Sort,org.springframework.data.rest.webmvc.PersistentEntityResourceAssembler) throws org.springframework.data.rest.webmvc.ResourceNotFoundException,org.springframework.web.HttpRequestMethodNotSupportedException
2017-07-28 13:07:07.894  INFO 16718 --- [main] o.s.d.r.w.RepositoryRestHandlerMapping   : Mapped "{[/{repository}],methods=[POST],produces=[application/hal+json || application/json]}" onto public org.springframework.http.ResponseEntity<org.springframework.hateoas.ResourceSupport> org.springframework.data.rest.webmvc.RepositoryEntityController.postCollectionResource(org.springframework.data.rest.webmvc.RootResourceInformation,org.springframework.data.rest.webmvc.PersistentEntityResource,org.springframework.data.rest.webmvc.PersistentEntityResourceAssembler,java.lang.String) throws org.springframework.web.HttpRequestMethodNotSupportedException
2017-07-28 13:07:07.896  INFO 16718 --- [main] o.s.d.r.w.RepositoryRestHandlerMapping   : Mapped "{[/{repository}/{id}],methods=[OPTIONS],produces=[application/hal+json || application/json]}" onto public org.springframework.http.ResponseEntity<?> org.springframework.data.rest.webmvc.RepositoryEntityController.optionsForItemResource(org.springframework.data.rest.webmvc.RootResourceInformation)
2017-07-28 13:07:07.898  INFO 16718 --- [main] o.s.d.r.w.RepositoryRestHandlerMapping   : Mapped "{[/{repository}/{id}],methods=[HEAD],produces=[application/hal+json || application/json]}" onto public org.springframework.http.ResponseEntity<?> org.springframework.data.rest.webmvc.RepositoryEntityController.headForItemResource(org.springframework.data.rest.webmvc.RootResourceInformation,java.io.Serializable,org.springframework.data.rest.webmvc.PersistentEntityResourceAssembler) throws org.springframework.web.HttpRequestMethodNotSupportedException
2017-07-28 13:07:07.900  INFO 16718 --- [main] o.s.d.r.w.RepositoryRestHandlerMapping   : Mapped "{[/{repository}/{id}],methods=[GET],produces=[application/hal+json || application/json]}" onto public org.springframework.http.ResponseEntity<org.springframework.hateoas.Resource<?>> org.springframework.data.rest.webmvc.RepositoryEntityController.getItemResource(org.springframework.data.rest.webmvc.RootResourceInformation,java.io.Serializable,org.springframework.data.rest.webmvc.PersistentEntityResourceAssembler,org.springframework.http.HttpHeaders) throws org.springframework.web.HttpRequestMethodNotSupportedException
2017-07-28 13:07:07.909  INFO 16718 --- [main] o.s.d.r.w.RepositoryRestHandlerMapping   : Mapped "{[/{repository}/{id}],methods=[PUT],produces=[application/hal+json || application/json]}" onto public org.springframework.http.ResponseEntity<? extends org.springframework.hateoas.ResourceSupport> org.springframework.data.rest.webmvc.RepositoryEntityController.putItemResource(org.springframework.data.rest.webmvc.RootResourceInformation,org.springframework.data.rest.webmvc.PersistentEntityResource,java.io.Serializable,org.springframework.data.rest.webmvc.PersistentEntityResourceAssembler,org.springframework.data.rest.webmvc.support.ETag,java.lang.String) throws org.springframework.web.HttpRequestMethodNotSupportedException
2017-07-28 13:07:07.911  INFO 16718 --- [main] o.s.d.r.w.RepositoryRestHandlerMapping   : Mapped "{[/{repository}/{id}],methods=[PATCH],produces=[application/hal+json || application/json]}" onto public org.springframework.http.ResponseEntity<org.springframework.hateoas.ResourceSupport> org.springframework.data.rest.webmvc.RepositoryEntityController.patchItemResource(org.springframework.data.rest.webmvc.RootResourceInformation,org.springframework.data.rest.webmvc.PersistentEntityResource,java.io.Serializable,org.springframework.data.rest.webmvc.PersistentEntityResourceAssembler,org.springframework.data.rest.webmvc.support.ETag,java.lang.String) throws org.springframework.web.HttpRequestMethodNotSupportedException,org.springframework.data.rest.webmvc.ResourceNotFoundException
2017-07-28 13:07:07.912  INFO 16718 --- [main] o.s.d.r.w.RepositoryRestHandlerMapping   : Mapped "{[/{repository}/{id}],methods=[DELETE],produces=[application/hal+json || application/json]}" onto public org.springframework.http.ResponseEntity<?> org.springframework.data.rest.webmvc.RepositoryEntityController.deleteItemResource(org.springframework.data.rest.webmvc.RootResourceInformation,java.io.Serializable,org.springframework.data.rest.webmvc.support.ETag) throws org.springframework.data.rest.webmvc.ResourceNotFoundException,org.springframework.web.HttpRequestMethodNotSupportedException
2017-07-28 13:07:07.920  INFO 16718 --- [main] o.s.d.r.w.RepositoryRestHandlerMapping   : Mapped "{[/{repository}/search],methods=[OPTIONS],produces=[application/hal+json || application/json]}" onto public org.springframework.http.HttpEntity<?> org.springframework.data.rest.webmvc.RepositorySearchController.optionsForSearches(org.springframework.data.rest.webmvc.RootResourceInformation)
2017-07-28 13:07:07.926  INFO 16718 --- [main] o.s.d.r.w.RepositoryRestHandlerMapping   : Mapped "{[/{repository}/search],methods=[HEAD],produces=[application/hal+json || application/json]}" onto public org.springframework.http.HttpEntity<?> org.springframework.data.rest.webmvc.RepositorySearchController.headForSearches(org.springframework.data.rest.webmvc.RootResourceInformation)
2017-07-28 13:07:07.929  INFO 16718 --- [main] o.s.d.r.w.RepositoryRestHandlerMapping   : Mapped "{[/{repository}/search],methods=[GET],produces=[application/hal+json || application/json]}" onto public org.springframework.data.rest.webmvc.RepositorySearchesResource org.springframework.data.rest.webmvc.RepositorySearchController.listSearches(org.springframework.data.rest.webmvc.RootResourceInformation)
2017-07-28 13:07:07.953  INFO 16718 --- [main] o.s.d.r.w.RepositoryRestHandlerMapping   : Mapped "{[/{repository}/search/{search}],methods=[GET],produces=[application/hal+json || application/json]}" onto public org.springframework.http.ResponseEntity<?> org.springframework.data.rest.webmvc.RepositorySearchController.executeSearch(org.springframework.data.rest.webmvc.RootResourceInformation,org.springframework.util.MultiValueMap<java.lang.String, java.lang.Object>,java.lang.String,org.springframework.data.rest.webmvc.support.DefaultedPageable,org.springframework.data.domain.Sort,org.springframework.data.rest.webmvc.PersistentEntityResourceAssembler,org.springframework.http.HttpHeaders)
2017-07-28 13:07:07.970  INFO 16718 --- [main] o.s.d.r.w.RepositoryRestHandlerMapping   : Mapped "{[/{repository}/search/{search}],methods=[GET],produces=[application/x-spring-data-compact+json]}" onto public org.springframework.hateoas.ResourceSupport org.springframework.data.rest.webmvc.RepositorySearchController.executeSearchCompact(org.springframework.data.rest.webmvc.RootResourceInformation,org.springframework.http.HttpHeaders,org.springframework.util.MultiValueMap<java.lang.String, java.lang.Object>,java.lang.String,java.lang.String,org.springframework.data.rest.webmvc.support.DefaultedPageable,org.springframework.data.domain.Sort,org.springframework.data.rest.webmvc.PersistentEntityResourceAssembler)
2017-07-28 13:07:07.991  INFO 16718 --- [main] o.s.d.r.w.RepositoryRestHandlerMapping   : Mapped "{[/{repository}/search/{search}],methods=[OPTIONS],produces=[application/hal+json || application/json]}" onto public org.springframework.http.ResponseEntity<java.lang.Object> org.springframework.data.rest.webmvc.RepositorySearchController.optionsForSearch(org.springframework.data.rest.webmvc.RootResourceInformation,java.lang.String)
2017-07-28 13:07:07.996  INFO 16718 --- [main] o.s.d.r.w.RepositoryRestHandlerMapping   : Mapped "{[/{repository}/search/{search}],methods=[HEAD],produces=[application/hal+json || application/json]}" onto public org.springframework.http.ResponseEntity<java.lang.Object> org.springframework.data.rest.webmvc.RepositorySearchController.headForSearch(org.springframework.data.rest.webmvc.RootResourceInformation,java.lang.String)
2017-07-28 13:07:08.023  INFO 16718 --- [main] o.s.d.r.w.BasePathAwareHandlerMapping    : Mapped "{[/profile/{repository}],methods=[GET],produces=[application/schema+json]}" onto public org.springframework.http.HttpEntity<org.springframework.data.rest.webmvc.json.JsonSchema> org.springframework.data.rest.webmvc.RepositorySchemaController.schema(org.springframework.data.rest.webmvc.RootResourceInformation)
2017-07-28 13:07:08.024  INFO 16718 --- [main] o.s.d.r.w.BasePathAwareHandlerMapping    : Mapped "{[/profile/{repository}],methods=[GET],produces=[application/alps+json || */*]}" onto org.springframework.http.HttpEntity<org.springframework.data.rest.webmvc.RootResourceInformation> org.springframework.data.rest.webmvc.alps.AlpsController.descriptor(org.springframework.data.rest.webmvc.RootResourceInformation)
2017-07-28 13:07:08.025  INFO 16718 --- [main] o.s.d.r.w.BasePathAwareHandlerMapping    : Mapped "{[/profile/{repository}],methods=[OPTIONS],produces=[application/alps+json]}" onto org.springframework.http.HttpEntity<?> org.springframework.data.rest.webmvc.alps.AlpsController.alpsOptions()
2017-07-28 13:07:08.027  INFO 16718 --- [main] o.s.d.r.w.BasePathAwareHandlerMapping    : Mapped "{[/profile],methods=[OPTIONS]}" onto public org.springframework.http.HttpEntity<?> org.springframework.data.rest.webmvc.ProfileController.profileOptions()
2017-07-28 13:07:08.028  INFO 16718 --- [main] o.s.d.r.w.BasePathAwareHandlerMapping    : Mapped "{[/profile],methods=[GET]}" onto org.springframework.http.HttpEntity<org.springframework.hateoas.ResourceSupport> org.springframework.data.rest.webmvc.ProfileController.listAllFormsOfMetadata()
2017-07-28 13:07:08.726  INFO 16718 --- [main] o.s.c.support.DefaultLifecycleProcessor  : Starting beans in phase 2147483647
2017-07-28 13:07:08.750  INFO 16718 --- [main] c.e.demo.SpringbootDemoApplicationTests  : Started SpringbootDemoApplicationTests in 10.979 seconds (JVM running for 12.301)
2017-07-28 13:07:08.942  INFO 16718 --- [Thread-4] o.s.w.c.s.GenericWebApplicationContext   : Closing org.springframework.web.context.support.GenericWebApplicationContext@942a29c: startup date [Fri Jul 28 13:06:58 CST 2017]; root of context hierarchy
2017-07-28 13:07:08.945  INFO 16718 --- [Thread-4] o.s.c.support.DefaultLifecycleProcessor  : Stopping beans in phase 2147483647
2017-07-28 13:07:08.946  INFO 16718 --- [Thread-4] o.s.c.support.DefaultLifecycleProcessor  : Stopping beans in phase 0
2017-07-28 13:07:08.949  INFO 16718 --- [Thread-4] s.b.a.d.e.ElasticsearchAutoConfiguration : Closing Elasticsearch client
2017-07-28 13:07:08.950  INFO 16718 --- [Thread-4] org.elasticsearch.node                   : [Mercury] stopping ...
2017-07-28 13:07:08.952  INFO 16718 --- [Thread-4] org.elasticsearch.node                   : [Mercury] stopped
2017-07-28 13:07:08.952  INFO 16718 --- [Thread-4] org.elasticsearch.node                   : [Mercury] closing ...
2017-07-28 13:07:08.959  INFO 16718 --- [Thread-4] org.elasticsearch.node                   : [Mercury] closed
2017-07-28 13:08:48.974  INFO 16901 --- [main] c.e.demo.SpringbootDemoApplicationTests  : Starting SpringbootDemoApplicationTests on localhost with PID 16901 (started by louyuting in /Users/louyuting/Desktop/java/javamaven/springboot-demo)
2017-07-28 13:08:48.976  INFO 16901 --- [main] c.e.demo.SpringbootDemoApplicationTests  : No active profile set, falling back to default profiles: default
2017-07-28 13:08:49.055  INFO 16901 --- [main] o.s.w.c.s.GenericWebApplicationContext   : Refreshing org.springframework.web.context.support.GenericWebApplicationContext@5ba3f27a: startup date [Fri Jul 28 13:08:49 CST 2017]; root of context hierarchy
2017-07-28 13:08:50.168  WARN 16901 --- [main] o.m.s.mapper.ClassPathMapperScanner      : No MyBatis mapper was found in '[com.example.demo]' package. Please check your configuration.
2017-07-28 13:08:50.216  INFO 16901 --- [main] .s.d.r.c.RepositoryConfigurationDelegate : Multiple Spring Data modules found, entering strict repository configuration mode!
2017-07-28 13:08:50.271  INFO 16901 --- [main] o.s.b.f.s.DefaultListableBeanFactory     : Overriding bean definition for bean 'httpRequestHandlerAdapter' with a different definition: replacing [Root bean: class [null]; scope=; abstract=false; lazyInit=false; autowireMode=3; dependencyCheck=0; autowireCandidate=true; primary=false; factoryBeanName=org.springframework.boot.autoconfigure.web.WebMvcAutoConfiguration$EnableWebMvcConfiguration; factoryMethodName=httpRequestHandlerAdapter; initMethodName=null; destroyMethodName=(inferred); defined in class path resource [org/springframework/boot/autoconfigure/web/WebMvcAutoConfiguration$EnableWebMvcConfiguration.class]] with [Root bean: class [null]; scope=; abstract=false; lazyInit=false; autowireMode=3; dependencyCheck=0; autowireCandidate=true; primary=false; factoryBeanName=org.springframework.data.rest.webmvc.config.RepositoryRestMvcConfiguration; factoryMethodName=httpRequestHandlerAdapter; initMethodName=null; destroyMethodName=(inferred); defined in class path resource [org/springframework/data/rest/webmvc/config/RepositoryRestMvcConfiguration.class]]
2017-07-28 13:08:51.161  INFO 16901 --- [main] trationDelegate$BeanPostProcessorChecker : Bean 'org.springframework.transaction.annotation.ProxyTransactionManagementConfiguration' of type [org.springframework.transaction.annotation.ProxyTransactionManagementConfiguration$$EnhancerBySpringCGLIB$$36826712] is not eligible for getting processed by all BeanPostProcessors (for example: not eligible for auto-proxying)
2017-07-28 13:08:52.460  INFO 16901 --- [main] s.w.s.m.m.a.RequestMappingHandlerAdapter : Looking for @ControllerAdvice: org.springframework.web.context.support.GenericWebApplicationContext@5ba3f27a: startup date [Fri Jul 28 13:08:49 CST 2017]; root of context hierarchy
2017-07-28 13:08:52.584  INFO 16901 --- [main] s.w.s.m.m.a.RequestMappingHandlerMapping : Mapped "{[/test],methods=[GET]}" onto public com.example.demo.model.User com.example.demo.SpringbootDemoApplication.hello(javax.servlet.http.HttpServletRequest,javax.servlet.http.HttpServletResponse) throws java.lang.InterruptedException
2017-07-28 13:08:52.588  INFO 16901 --- [main] s.w.s.m.m.a.RequestMappingHandlerMapping : Mapped "{[/error]}" onto public org.springframework.http.ResponseEntity<java.util.Map<java.lang.String, java.lang.Object>> org.springframework.boot.autoconfigure.web.BasicErrorController.error(javax.servlet.http.HttpServletRequest)
2017-07-28 13:08:52.591  INFO 16901 --- [main] s.w.s.m.m.a.RequestMappingHandlerMapping : Mapped "{[/error],produces=[text/html]}" onto public org.springframework.web.servlet.ModelAndView org.springframework.boot.autoconfigure.web.BasicErrorController.errorHtml(javax.servlet.http.HttpServletRequest,javax.servlet.http.HttpServletResponse)
2017-07-28 13:08:52.661  INFO 16901 --- [main] o.s.w.s.handler.SimpleUrlHandlerMapping  : Mapped URL path [/webjars/**] onto handler of type [class org.springframework.web.servlet.resource.ResourceHttpRequestHandler]
2017-07-28 13:08:52.662  INFO 16901 --- [main] o.s.w.s.handler.SimpleUrlHandlerMapping  : Mapped URL path [/**] onto handler of type [class org.springframework.web.servlet.resource.ResourceHttpRequestHandler]
2017-07-28 13:08:52.687  INFO 16901 --- [main] .m.m.a.ExceptionHandlerExceptionResolver : Detected @ExceptionHandler methods in repositoryRestExceptionHandler
2017-07-28 13:08:52.893  INFO 16901 --- [main] o.s.w.s.handler.SimpleUrlHandlerMapping  : Mapped URL path [/**/favicon.ico] onto handler of type [class org.springframework.web.servlet.resource.ResourceHttpRequestHandler]
2017-07-28 13:08:53.515  INFO 16901 --- [main] o.s.d.r.w.RepositoryRestHandlerAdapter   : Looking for @ControllerAdvice: org.springframework.web.context.support.GenericWebApplicationContext@5ba3f27a: startup date [Fri Jul 28 13:08:49 CST 2017]; root of context hierarchy
2017-07-28 13:08:53.531  INFO 16901 --- [main] o.s.d.r.w.RepositoryRestHandlerMapping   : Mapped "{[/{repository}/{id}/{property}],methods=[GET],produces=[application/hal+json || application/json]}" onto public org.springframework.http.ResponseEntity<org.springframework.hateoas.ResourceSupport> org.springframework.data.rest.webmvc.RepositoryPropertyReferenceController.followPropertyReference(org.springframework.data.rest.webmvc.RootResourceInformation,java.io.Serializable,java.lang.String,org.springframework.data.rest.webmvc.PersistentEntityResourceAssembler) throws java.lang.Exception
2017-07-28 13:08:53.532  INFO 16901 --- [main] o.s.d.r.w.RepositoryRestHandlerMapping   : Mapped "{[/{repository}/{id}/{property}/{propertyId}],methods=[GET],produces=[application/hal+json || application/json]}" onto public org.springframework.http.ResponseEntity<org.springframework.hateoas.ResourceSupport> org.springframework.data.rest.webmvc.RepositoryPropertyReferenceController.followPropertyReference(org.springframework.data.rest.webmvc.RootResourceInformation,java.io.Serializable,java.lang.String,java.lang.String,org.springframework.data.rest.webmvc.PersistentEntityResourceAssembler) throws java.lang.Exception
2017-07-28 13:08:53.535  INFO 16901 --- [main] o.s.d.r.w.RepositoryRestHandlerMapping   : Mapped "{[/{repository}/{id}/{property}],methods=[DELETE],produces=[application/hal+json || application/json]}" onto public org.springframework.http.ResponseEntity<? extends org.springframework.hateoas.ResourceSupport> org.springframework.data.rest.webmvc.RepositoryPropertyReferenceController.deletePropertyReference(org.springframework.data.rest.webmvc.RootResourceInformation,java.io.Serializable,java.lang.String) throws java.lang.Exception
2017-07-28 13:08:53.537  INFO 16901 --- [main] o.s.d.r.w.RepositoryRestHandlerMapping   : Mapped "{[/{repository}/{id}/{property}],methods=[GET],produces=[application/x-spring-data-compact+json || text/uri-list]}" onto public org.springframework.http.ResponseEntity<org.springframework.hateoas.ResourceSupport> org.springframework.data.rest.webmvc.RepositoryPropertyReferenceController.followPropertyReferenceCompact(org.springframework.data.rest.webmvc.RootResourceInformation,java.io.Serializable,java.lang.String,org.springframework.data.rest.webmvc.PersistentEntityResourceAssembler) throws java.lang.Exception
2017-07-28 13:08:53.538  INFO 16901 --- [main] o.s.d.r.w.RepositoryRestHandlerMapping   : Mapped "{[/{repository}/{id}/{property}],methods=[PATCH || PUT || POST],consumes=[application/json || application/x-spring-data-compact+json || text/uri-list],produces=[application/hal+json || application/json]}" onto public org.springframework.http.ResponseEntity<? extends org.springframework.hateoas.ResourceSupport> org.springframework.data.rest.webmvc.RepositoryPropertyReferenceController.createPropertyReference(org.springframework.data.rest.webmvc.RootResourceInformation,org.springframework.http.HttpMethod,org.springframework.hateoas.Resources<java.lang.Object>,java.io.Serializable,java.lang.String) throws java.lang.Exception
2017-07-28 13:08:53.539  INFO 16901 --- [main] o.s.d.r.w.RepositoryRestHandlerMapping   : Mapped "{[/{repository}/{id}/{property}/{propertyId}],methods=[DELETE],produces=[application/hal+json || application/json]}" onto public org.springframework.http.ResponseEntity<org.springframework.hateoas.ResourceSupport> org.springframework.data.rest.webmvc.RepositoryPropertyReferenceController.deletePropertyReferenceId(org.springframework.data.rest.webmvc.RootResourceInformation,java.io.Serializable,java.lang.String,java.lang.String) throws java.lang.Exception
2017-07-28 13:08:53.541  INFO 16901 --- [main] o.s.d.r.w.RepositoryRestHandlerMapping   : Mapped "{[/ || ],methods=[OPTIONS],produces=[application/hal+json || application/json]}" onto public org.springframework.http.HttpEntity<?> org.springframework.data.rest.webmvc.RepositoryController.optionsForRepositories()
2017-07-28 13:08:53.541  INFO 16901 --- [main] o.s.d.r.w.RepositoryRestHandlerMapping   : Mapped "{[/ || ],methods=[HEAD],produces=[application/hal+json || application/json]}" onto public org.springframework.http.ResponseEntity<?> org.springframework.data.rest.webmvc.RepositoryController.headForRepositories()
2017-07-28 13:08:53.542  INFO 16901 --- [main] o.s.d.r.w.RepositoryRestHandlerMapping   : Mapped "{[/ || ],methods=[GET],produces=[application/hal+json || application/json]}" onto public org.springframework.http.HttpEntity<org.springframework.data.rest.webmvc.RepositoryLinksResource> org.springframework.data.rest.webmvc.RepositoryController.listRepositories()
2017-07-28 13:08:53.548  INFO 16901 --- [main] o.s.d.r.w.RepositoryRestHandlerMapping   : Mapped "{[/{repository}],methods=[OPTIONS],produces=[application/hal+json || application/json]}" onto public org.springframework.http.ResponseEntity<?> org.springframework.data.rest.webmvc.RepositoryEntityController.optionsForCollectionResource(org.springframework.data.rest.webmvc.RootResourceInformation)
2017-07-28 13:08:53.549  INFO 16901 --- [main] o.s.d.r.w.RepositoryRestHandlerMapping   : Mapped "{[/{repository}],methods=[HEAD],produces=[application/hal+json || application/json]}" onto public org.springframework.http.ResponseEntity<?> org.springframework.data.rest.webmvc.RepositoryEntityController.headCollectionResource(org.springframework.data.rest.webmvc.RootResourceInformation,org.springframework.data.rest.webmvc.support.DefaultedPageable) throws org.springframework.web.HttpRequestMethodNotSupportedException
2017-07-28 13:08:53.551  INFO 16901 --- [main] o.s.d.r.w.RepositoryRestHandlerMapping   : Mapped "{[/{repository}],methods=[GET],produces=[application/hal+json || application/json]}" onto public org.springframework.hateoas.Resources<?> org.springframework.data.rest.webmvc.RepositoryEntityController.getCollectionResource(org.springframework.data.rest.webmvc.RootResourceInformation,org.springframework.data.rest.webmvc.support.DefaultedPageable,org.springframework.data.domain.Sort,org.springframework.data.rest.webmvc.PersistentEntityResourceAssembler) throws org.springframework.data.rest.webmvc.ResourceNotFoundException,org.springframework.web.HttpRequestMethodNotSupportedException
2017-07-28 13:08:53.551  INFO 16901 --- [main] o.s.d.r.w.RepositoryRestHandlerMapping   : Mapped "{[/{repository}],methods=[GET],produces=[application/x-spring-data-compact+json || text/uri-list]}" onto public org.springframework.hateoas.Resources<?> org.springframework.data.rest.webmvc.RepositoryEntityController.getCollectionResourceCompact(org.springframework.data.rest.webmvc.RootResourceInformation,org.springframework.data.rest.webmvc.support.DefaultedPageable,org.springframework.data.domain.Sort,org.springframework.data.rest.webmvc.PersistentEntityResourceAssembler) throws org.springframework.data.rest.webmvc.ResourceNotFoundException,org.springframework.web.HttpRequestMethodNotSupportedException
2017-07-28 13:08:53.552  INFO 16901 --- [main] o.s.d.r.w.RepositoryRestHandlerMapping   : Mapped "{[/{repository}],methods=[POST],produces=[application/hal+json || application/json]}" onto public org.springframework.http.ResponseEntity<org.springframework.hateoas.ResourceSupport> org.springframework.data.rest.webmvc.RepositoryEntityController.postCollectionResource(org.springframework.data.rest.webmvc.RootResourceInformation,org.springframework.data.rest.webmvc.PersistentEntityResource,org.springframework.data.rest.webmvc.PersistentEntityResourceAssembler,java.lang.String) throws org.springframework.web.HttpRequestMethodNotSupportedException
2017-07-28 13:08:53.553  INFO 16901 --- [main] o.s.d.r.w.RepositoryRestHandlerMapping   : Mapped "{[/{repository}/{id}],methods=[OPTIONS],produces=[application/hal+json || application/json]}" onto public org.springframework.http.ResponseEntity<?> org.springframework.data.rest.webmvc.RepositoryEntityController.optionsForItemResource(org.springframework.data.rest.webmvc.RootResourceInformation)
2017-07-28 13:08:53.554  INFO 16901 --- [main] o.s.d.r.w.RepositoryRestHandlerMapping   : Mapped "{[/{repository}/{id}],methods=[HEAD],produces=[application/hal+json || application/json]}" onto public org.springframework.http.ResponseEntity<?> org.springframework.data.rest.webmvc.RepositoryEntityController.headForItemResource(org.springframework.data.rest.webmvc.RootResourceInformation,java.io.Serializable,org.springframework.data.rest.webmvc.PersistentEntityResourceAssembler) throws org.springframework.web.HttpRequestMethodNotSupportedException
2017-07-28 13:08:53.555  INFO 16901 --- [main] o.s.d.r.w.RepositoryRestHandlerMapping   : Mapped "{[/{repository}/{id}],methods=[GET],produces=[application/hal+json || application/json]}" onto public org.springframework.http.ResponseEntity<org.springframework.hateoas.Resource<?>> org.springframework.data.rest.webmvc.RepositoryEntityController.getItemResource(org.springframework.data.rest.webmvc.RootResourceInformation,java.io.Serializable,org.springframework.data.rest.webmvc.PersistentEntityResourceAssembler,org.springframework.http.HttpHeaders) throws org.springframework.web.HttpRequestMethodNotSupportedException
2017-07-28 13:08:53.556  INFO 16901 --- [main] o.s.d.r.w.RepositoryRestHandlerMapping   : Mapped "{[/{repository}/{id}],methods=[PUT],produces=[application/hal+json || application/json]}" onto public org.springframework.http.ResponseEntity<? extends org.springframework.hateoas.ResourceSupport> org.springframework.data.rest.webmvc.RepositoryEntityController.putItemResource(org.springframework.data.rest.webmvc.RootResourceInformation,org.springframework.data.rest.webmvc.PersistentEntityResource,java.io.Serializable,org.springframework.data.rest.webmvc.PersistentEntityResourceAssembler,org.springframework.data.rest.webmvc.support.ETag,java.lang.String) throws org.springframework.web.HttpRequestMethodNotSupportedException
2017-07-28 13:08:53.557  INFO 16901 --- [main] o.s.d.r.w.RepositoryRestHandlerMapping   : Mapped "{[/{repository}/{id}],methods=[PATCH],produces=[application/hal+json || application/json]}" onto public org.springframework.http.ResponseEntity<org.springframework.hateoas.ResourceSupport> org.springframework.data.rest.webmvc.RepositoryEntityController.patchItemResource(org.springframework.data.rest.webmvc.RootResourceInformation,org.springframework.data.rest.webmvc.PersistentEntityResource,java.io.Serializable,org.springframework.data.rest.webmvc.PersistentEntityResourceAssembler,org.springframework.data.rest.webmvc.support.ETag,java.lang.String) throws org.springframework.web.HttpRequestMethodNotSupportedException,org.springframework.data.rest.webmvc.ResourceNotFoundException
2017-07-28 13:08:53.557  INFO 16901 --- [main] o.s.d.r.w.RepositoryRestHandlerMapping   : Mapped "{[/{repository}/{id}],methods=[DELETE],produces=[application/hal+json || application/json]}" onto public org.springframework.http.ResponseEntity<?> org.springframework.data.rest.webmvc.RepositoryEntityController.deleteItemResource(org.springframework.data.rest.webmvc.RootResourceInformation,java.io.Serializable,org.springframework.data.rest.webmvc.support.ETag) throws org.springframework.data.rest.webmvc.ResourceNotFoundException,org.springframework.web.HttpRequestMethodNotSupportedException
2017-07-28 13:08:53.560  INFO 16901 --- [main] o.s.d.r.w.RepositoryRestHandlerMapping   : Mapped "{[/{repository}/search],methods=[HEAD],produces=[application/hal+json || application/json]}" onto public org.springframework.http.HttpEntity<?> org.springframework.data.rest.webmvc.RepositorySearchController.headForSearches(org.springframework.data.rest.webmvc.RootResourceInformation)
2017-07-28 13:08:53.560  INFO 16901 --- [main] o.s.d.r.w.RepositoryRestHandlerMapping   : Mapped "{[/{repository}/search],methods=[GET],produces=[application/hal+json || application/json]}" onto public org.springframework.data.rest.webmvc.RepositorySearchesResource org.springframework.data.rest.webmvc.RepositorySearchController.listSearches(org.springframework.data.rest.webmvc.RootResourceInformation)
2017-07-28 13:08:53.561  INFO 16901 --- [main] o.s.d.r.w.RepositoryRestHandlerMapping   : Mapped "{[/{repository}/search],methods=[OPTIONS],produces=[application/hal+json || application/json]}" onto public org.springframework.http.HttpEntity<?> org.springframework.data.rest.webmvc.RepositorySearchController.optionsForSearches(org.springframework.data.rest.webmvc.RootResourceInformation)
2017-07-28 13:08:53.562  INFO 16901 --- [main] o.s.d.r.w.RepositoryRestHandlerMapping   : Mapped "{[/{repository}/search/{search}],methods=[GET],produces=[application/hal+json || application/json]}" onto public org.springframework.http.ResponseEntity<?> org.springframework.data.rest.webmvc.RepositorySearchController.executeSearch(org.springframework.data.rest.webmvc.RootResourceInformation,org.springframework.util.MultiValueMap<java.lang.String, java.lang.Object>,java.lang.String,org.springframework.data.rest.webmvc.support.DefaultedPageable,org.springframework.data.domain.Sort,org.springframework.data.rest.webmvc.PersistentEntityResourceAssembler,org.springframework.http.HttpHeaders)
2017-07-28 13:08:53.563  INFO 16901 --- [main] o.s.d.r.w.RepositoryRestHandlerMapping   : Mapped "{[/{repository}/search/{search}],methods=[GET],produces=[application/x-spring-data-compact+json]}" onto public org.springframework.hateoas.ResourceSupport org.springframework.data.rest.webmvc.RepositorySearchController.executeSearchCompact(org.springframework.data.rest.webmvc.RootResourceInformation,org.springframework.http.HttpHeaders,org.springframework.util.MultiValueMap<java.lang.String, java.lang.Object>,java.lang.String,java.lang.String,org.springframework.data.rest.webmvc.support.DefaultedPageable,org.springframework.data.domain.Sort,org.springframework.data.rest.webmvc.PersistentEntityResourceAssembler)
2017-07-28 13:08:53.563  INFO 16901 --- [main] o.s.d.r.w.RepositoryRestHandlerMapping   : Mapped "{[/{repository}/search/{search}],methods=[OPTIONS],produces=[application/hal+json || application/json]}" onto public org.springframework.http.ResponseEntity<java.lang.Object> org.springframework.data.rest.webmvc.RepositorySearchController.optionsForSearch(org.springframework.data.rest.webmvc.RootResourceInformation,java.lang.String)
2017-07-28 13:08:53.564  INFO 16901 --- [main] o.s.d.r.w.RepositoryRestHandlerMapping   : Mapped "{[/{repository}/search/{search}],methods=[HEAD],produces=[application/hal+json || application/json]}" onto public org.springframework.http.ResponseEntity<java.lang.Object> org.springframework.data.rest.webmvc.RepositorySearchController.headForSearch(org.springframework.data.rest.webmvc.RootResourceInformation,java.lang.String)
2017-07-28 13:08:53.567  INFO 16901 --- [main] o.s.d.r.w.BasePathAwareHandlerMapping    : Mapped "{[/profile/{repository}],methods=[GET],produces=[application/schema+json]}" onto public org.springframework.http.HttpEntity<org.springframework.data.rest.webmvc.json.JsonSchema> org.springframework.data.rest.webmvc.RepositorySchemaController.schema(org.springframework.data.rest.webmvc.RootResourceInformation)
2017-07-28 13:08:53.568  INFO 16901 --- [main] o.s.d.r.w.BasePathAwareHandlerMapping    : Mapped "{[/profile/{repository}],methods=[GET],produces=[application/alps+json || */*]}" onto org.springframework.http.HttpEntity<org.springframework.data.rest.webmvc.RootResourceInformation> org.springframework.data.rest.webmvc.alps.AlpsController.descriptor(org.springframework.data.rest.webmvc.RootResourceInformation)
2017-07-28 13:08:53.569  INFO 16901 --- [main] o.s.d.r.w.BasePathAwareHandlerMapping    : Mapped "{[/profile/{repository}],methods=[OPTIONS],produces=[application/alps+json]}" onto org.springframework.http.HttpEntity<?> org.springframework.data.rest.webmvc.alps.AlpsController.alpsOptions()
2017-07-28 13:08:53.571  INFO 16901 --- [main] o.s.d.r.w.BasePathAwareHandlerMapping    : Mapped "{[/profile],methods=[OPTIONS]}" onto public org.springframework.http.HttpEntity<?> org.springframework.data.rest.webmvc.ProfileController.profileOptions()
2017-07-28 13:08:53.573  INFO 16901 --- [main] o.s.d.r.w.BasePathAwareHandlerMapping    : Mapped "{[/profile],methods=[GET]}" onto org.springframework.http.HttpEntity<org.springframework.hateoas.ResourceSupport> org.springframework.data.rest.webmvc.ProfileController.listAllFormsOfMetadata()
2017-07-28 13:08:53.885  INFO 16901 --- [main] c.e.demo.SpringbootDemoApplicationTests  : Started SpringbootDemoApplicationTests in 5.283 seconds (JVM running for 6.247)
2017-07-28 13:08:53.963  INFO 16901 --- [Thread-4] o.s.w.c.s.GenericWebApplicationContext   : Closing org.springframework.web.context.support.GenericWebApplicationContext@5ba3f27a: startup date [Fri Jul 28 13:08:49 CST 2017]; root of context hierarchy
